build/app/intermediates/manifest_merge_blame_file/release/manifest-merger-blame-release-report.txt
1<?xml version="1.0" encoding="utf-8"?>
2<manifest xmlns:android="http://schemas.android.com/apk/res/android"
3    package="com.example.veli"
4    android:versionCode="4001"
5    android:versionName="1.0.0" >
6
7    <uses-sdk
8        android:minSdkVersion="16"
8-->src\main\AndroidManifest.xml
9        android:targetSdkVersion="28" />
9-->src\main\AndroidManifest.xml
10
11    <uses-permission android:name="android.permission.INTERNET" />
11-->[:google_sign_in] AndroidManifest.xml:7:5-67
11-->[:google_sign_in] AndroidManifest.xml:7:22-64
12    <uses-permission android:name="android.permission.ACCESS_NETWORK_STATE" />
12-->[com.google.android.gms:play-services-measurement:17.2.2] AndroidManifest.xml:24:5-79
12-->[com.google.android.gms:play-services-measurement:17.2.2] AndroidManifest.xml:24:22-76
13    <uses-permission android:name="android.permission.WAKE_LOCK" />
13-->[com.google.android.gms:play-services-measurement:17.2.2] AndroidManifest.xml:25:5-68
13-->[com.google.android.gms:play-services-measurement:17.2.2] AndroidManifest.xml:25:22-65
14    <uses-permission android:name="com.google.android.finsky.permission.BIND_GET_INSTALL_REFERRER_SERVICE" /> <!-- Required by older versions of Google Play services to create IID tokens -->
14-->[com.google.android.gms:play-services-measurement:17.2.2] AndroidManifest.xml:26:5-110
14-->[com.google.android.gms:play-services-measurement:17.2.2] AndroidManifest.xml:26:22-107
15    <uses-permission android:name="com.google.android.c2dm.permission.RECEIVE" />
15-->[com.google.firebase:firebase-iid:20.0.2] AndroidManifest.xml:26:5-82
15-->[com.google.firebase:firebase-iid:20.0.2] AndroidManifest.xml:26:22-79
16    <!--
17 io.flutter.app.FlutterApplication is an android.app.Application that
18         calls FlutterMain.startInitialization(this); in its onCreate method.
19         In most cases you can leave this as-is, but you if you want to provide
20         additional functionality it is fine to subclass or reimplement
21         FlutterApplication and put your custom class here.
22    -->
23    <application
23-->src\main\AndroidManifest.xml:8:5-42:19
24        android:name="io.flutter.app.FlutterApplication"
24-->src\main\AndroidManifest.xml:9:9-57
25        android:appComponentFactory="androidx.core.app.CoreComponentFactory"
25-->[androidx.core:core:1.1.0] AndroidManifest.xml:24:18-86
26        android:icon="@mipmap/ic_launcher"
26-->src\main\AndroidManifest.xml:11:9-43
27        android:label="veli"
27-->src\main\AndroidManifest.xml:10:9-29
28        android:supportsRtl="true" >
28-->[com.facebook.android:facebook-android-sdk:5.15.3] AndroidManifest.xml:28:18-44
29        <activity
29-->src\main\AndroidManifest.xml:12:9-24:20
30            android:name="com.example.veli.MainActivity"
30-->src\main\AndroidManifest.xml:13:13-41
31            android:configChanges="orientation|keyboardHidden|keyboard|screenSize|smallestScreenSize|locale|layoutDirection|fontScale|screenLayout|density|uiMode"
31-->src\main\AndroidManifest.xml:16:13-163
32            android:hardwareAccelerated="true"
32-->src\main\AndroidManifest.xml:17:13-47
33            android:launchMode="singleTop"
33-->src\main\AndroidManifest.xml:14:13-43
34            android:screenOrientation="portrait"
34-->src\main\AndroidManifest.xml:18:13-49
35            android:theme="@style/LaunchTheme"
35-->src\main\AndroidManifest.xml:15:13-47
36            android:windowSoftInputMode="adjustResize" >
36-->src\main\AndroidManifest.xml:19:13-55
37            <intent-filter>
37-->src\main\AndroidManifest.xml:20:13-23:29
38                <action android:name="android.intent.action.MAIN" />
38-->src\main\AndroidManifest.xml:21:17-68
38-->src\main\AndroidManifest.xml:21:25-66
39
40                <category android:name="android.intent.category.LAUNCHER" />
40-->src\main\AndroidManifest.xml:22:17-76
40-->src\main\AndroidManifest.xml:22:27-74
41            </intent-filter>
42        </activity>
43
44        <meta-data
44-->src\main\AndroidManifest.xml:25:9-107
45            android:name="com.facebook.sdk.ApplicationId"
45-->src\main\AndroidManifest.xml:25:20-65
46            android:value="@string/facebook_app_id" />
46-->src\main\AndroidManifest.xml:25:66-105
47
48        <activity
48-->src\main\AndroidManifest.xml:26:1-27:102
49            android:name="com.facebook.FacebookActivity"
49-->src\main\AndroidManifest.xml:26:11-55
50            android:configChanges="keyboard|keyboardHidden|screenLayout|screenSize|orientation"
50-->src\main\AndroidManifest.xml:26:56-145
51            android:label="@string/app_name"
51-->src\main\AndroidManifest.xml:27:67-99
52            android:theme="@style/com_facebook_activity_theme" />
52-->[com.facebook.android:facebook-common:5.15.3] AndroidManifest.xml:33:13-63
53        <activity
53-->src\main\AndroidManifest.xml:29:1-36:12
54            android:name="com.facebook.CustomTabActivity"
54-->src\main\AndroidManifest.xml:29:11-56
55            android:exported="true" >
55-->src\main\AndroidManifest.xml:29:57-80
56            <intent-filter>
56-->src\main\AndroidManifest.xml:30:5-35:21
57                <action android:name="android.intent.action.VIEW" />
57-->src\main\AndroidManifest.xml:31:9-61
57-->src\main\AndroidManifest.xml:31:17-58
58
59                <category android:name="android.intent.category.DEFAULT" />
59-->src\main\AndroidManifest.xml:32:9-68
59-->src\main\AndroidManifest.xml:32:19-65
60                <category android:name="android.intent.category.BROWSABLE" />
60-->src\main\AndroidManifest.xml:33:9-70
60-->src\main\AndroidManifest.xml:33:19-67
61
62                <data android:scheme="@string/fb_login_protocol_scheme" />
62-->src\main\AndroidManifest.xml:34:9-67
62-->src\main\AndroidManifest.xml:34:15-64
63            </intent-filter>
64            <intent-filter>
64-->[com.facebook.android:facebook-common:5.15.3] AndroidManifest.xml:39:13-48:29
65                <action android:name="android.intent.action.VIEW" />
65-->src\main\AndroidManifest.xml:31:9-61
65-->src\main\AndroidManifest.xml:31:17-58
66
67                <category android:name="android.intent.category.DEFAULT" />
67-->src\main\AndroidManifest.xml:32:9-68
67-->src\main\AndroidManifest.xml:32:19-65
68                <category android:name="android.intent.category.BROWSABLE" />
68-->src\main\AndroidManifest.xml:33:9-70
68-->src\main\AndroidManifest.xml:33:19-67
69
70                <data
70-->src\main\AndroidManifest.xml:34:9-67
71                    android:host="cct.com.example.veli"
72                    android:scheme="fbconnect" />
72-->src\main\AndroidManifest.xml:34:15-64
73            </intent-filter>
74        </activity>
75        <!--
76             Don't delete the meta-data below.
77             This is used by the Flutter tool to generate GeneratedPluginRegistrant.java
78        -->
79        <meta-data
79-->src\main\AndroidManifest.xml:39:9-41:33
80            android:name="flutterEmbedding"
80-->src\main\AndroidManifest.xml:40:13-44
81            android:value="2" />
81-->src\main\AndroidManifest.xml:41:13-30
82
83        <service
83-->[:firebase_auth] AndroidManifest.xml:8:9-12:19
84            android:name="com.google.firebase.components.ComponentDiscoveryService"
84-->[:firebase_auth] AndroidManifest.xml:8:18-89
85            android:directBootAware="true"
85-->[com.google.firebase:firebase-common:19.3.0] AndroidManifest.xml:34:13-43
86            android:exported="false" >
86-->[com.google.android.gms:play-services-measurement-api:17.2.2] AndroidManifest.xml:29:13-37
87            <meta-data
87-->[:firebase_auth] AndroidManifest.xml:9:13-11:85
88                android:name="com.google.firebase.components:io.flutter.plugins.firebaseauth.FlutterFirebaseAppRegistrar"
88-->[:firebase_auth] AndroidManifest.xml:10:17-122
89                android:value="com.google.firebase.components.ComponentRegistrar" />
89-->[:firebase_auth] AndroidManifest.xml:11:17-82
90            <meta-data
90-->[:cloud_firestore] AndroidManifest.xml:9:13-11:85
91                android:name="com.google.firebase.components:io.flutter.plugins.firebase.cloudfirestore.FlutterFirebaseAppRegistrar"
91-->[:cloud_firestore] AndroidManifest.xml:10:17-133
92                android:value="com.google.firebase.components.ComponentRegistrar" />
92-->[:cloud_firestore] AndroidManifest.xml:11:17-82
93            <meta-data
93-->[:firebase_database] AndroidManifest.xml:9:13-11:85
94                android:name="com.google.firebase.components:io.flutter.plugins.firebase.database.FlutterFirebaseAppRegistrar"
94-->[:firebase_database] AndroidManifest.xml:10:17-127
95                android:value="com.google.firebase.components.ComponentRegistrar" />
95-->[:firebase_database] AndroidManifest.xml:11:17-82
96            <meta-data
96-->[:firebase_core] AndroidManifest.xml:9:13-11:85
97                android:name="com.google.firebase.components:io.flutter.plugins.firebase.core.FlutterFirebaseAppRegistrar"
97-->[:firebase_core] AndroidManifest.xml:10:17-123
98                android:value="com.google.firebase.components.ComponentRegistrar" />
98-->[:firebase_core] AndroidManifest.xml:11:17-82
99            <meta-data
99-->[com.google.android.gms:play-services-measurement-api:17.2.2] AndroidManifest.xml:30:13-32:85
100                android:name="com.google.firebase.components:com.google.firebase.analytics.connector.internal.AnalyticsConnectorRegistrar"
100-->[com.google.android.gms:play-services-measurement-api:17.2.2] AndroidManifest.xml:31:17-139
101                android:value="com.google.firebase.components.ComponentRegistrar" />
101-->[com.google.android.gms:play-services-measurement-api:17.2.2] AndroidManifest.xml:32:17-82
102            <meta-data
102-->[com.google.firebase:firebase-firestore:21.3.0] AndroidManifest.xml:20:13-22:85
103                android:name="com.google.firebase.components:com.google.firebase.firestore.FirestoreRegistrar"
103-->[com.google.firebase:firebase-firestore:21.3.0] AndroidManifest.xml:21:17-111
104                android:value="com.google.firebase.components.ComponentRegistrar" />
104-->[com.google.firebase:firebase-firestore:21.3.0] AndroidManifest.xml:22:17-82
105            <meta-data
105-->[com.google.firebase:firebase-database:17.0.0] AndroidManifest.xml:30:13-32:85
106                android:name="com.google.firebase.components:com.google.firebase.database.DatabaseRegistrar"
106-->[com.google.firebase:firebase-database:17.0.0] AndroidManifest.xml:31:17-109
107                android:value="com.google.firebase.components.ComponentRegistrar" />
107-->[com.google.firebase:firebase-database:17.0.0] AndroidManifest.xml:32:17-82
108            <meta-data
108-->[com.google.firebase:firebase-auth:19.2.0] AndroidManifest.xml:36:13-38:85
109                android:name="com.google.firebase.components:com.google.firebase.auth.FirebaseAuthRegistrar"
109-->[com.google.firebase:firebase-auth:19.2.0] AndroidManifest.xml:37:17-109
110                android:value="com.google.firebase.components.ComponentRegistrar" />
110-->[com.google.firebase:firebase-auth:19.2.0] AndroidManifest.xml:38:17-82
111            <meta-data
111-->[com.google.firebase:firebase-iid:20.0.2] AndroidManifest.xml:32:13-34:85
112                android:name="com.google.firebase.components:com.google.firebase.iid.Registrar"
112-->[com.google.firebase:firebase-iid:20.0.2] AndroidManifest.xml:33:17-96
113                android:value="com.google.firebase.components.ComponentRegistrar" />
113-->[com.google.firebase:firebase-iid:20.0.2] AndroidManifest.xml:34:17-82
114        </service>
115
116        <receiver
116-->[com.google.android.gms:play-services-measurement:17.2.2] AndroidManifest.xml:29:9-33:20
117            android:name="com.google.android.gms.measurement.AppMeasurementReceiver"
117-->[com.google.android.gms:play-services-measurement:17.2.2] AndroidManifest.xml:30:13-85
118            android:enabled="true"
118-->[com.google.android.gms:play-services-measurement:17.2.2] AndroidManifest.xml:31:13-35
119            android:exported="false" >
119-->[com.google.android.gms:play-services-measurement:17.2.2] AndroidManifest.xml:32:13-37
120        </receiver>
121        <receiver
121-->[com.google.android.gms:play-services-measurement:17.2.2] AndroidManifest.xml:34:9-42:20
122            android:name="com.google.android.gms.measurement.AppMeasurementInstallReferrerReceiver"
122-->[com.google.android.gms:play-services-measurement:17.2.2] AndroidManifest.xml:35:13-100
123            android:enabled="true"
123-->[com.google.android.gms:play-services-measurement:17.2.2] AndroidManifest.xml:36:13-35
124            android:exported="true"
124-->[com.google.android.gms:play-services-measurement:17.2.2] AndroidManifest.xml:37:13-36
125            android:permission="android.permission.INSTALL_PACKAGES" >
125-->[com.google.android.gms:play-services-measurement:17.2.2] AndroidManifest.xml:38:13-69
126            <intent-filter>
126-->[com.google.android.gms:play-services-measurement:17.2.2] AndroidManifest.xml:39:13-41:29
127                <action android:name="com.android.vending.INSTALL_REFERRER" />
127-->[com.google.android.gms:play-services-measurement:17.2.2] AndroidManifest.xml:40:17-79
127-->[com.google.android.gms:play-services-measurement:17.2.2] AndroidManifest.xml:40:25-76
128            </intent-filter>
129        </receiver>
130
131        <service
131-->[com.google.android.gms:play-services-measurement:17.2.2] AndroidManifest.xml:44:9-47:40
132            android:name="com.google.android.gms.measurement.AppMeasurementService"
132-->[com.google.android.gms:play-services-measurement:17.2.2] AndroidManifest.xml:45:13-84
133            android:enabled="true"
133-->[com.google.android.gms:play-services-measurement:17.2.2] AndroidManifest.xml:46:13-35
134            android:exported="false" />
134-->[com.google.android.gms:play-services-measurement:17.2.2] AndroidManifest.xml:47:13-37
135        <service
135-->[com.google.android.gms:play-services-measurement:17.2.2] AndroidManifest.xml:48:9-52:72
136            android:name="com.google.android.gms.measurement.AppMeasurementJobService"
136-->[com.google.android.gms:play-services-measurement:17.2.2] AndroidManifest.xml:49:13-87
137            android:enabled="true"
137-->[com.google.android.gms:play-services-measurement:17.2.2] AndroidManifest.xml:50:13-35
138            android:exported="false"
138-->[com.google.android.gms:play-services-measurement:17.2.2] AndroidManifest.xml:51:13-37
139            android:permission="android.permission.BIND_JOB_SERVICE" />
139-->[com.google.android.gms:play-services-measurement:17.2.2] AndroidManifest.xml:52:13-69
140
141        <activity android:name="com.facebook.CustomTabMainActivity" />
141-->[com.facebook.android:facebook-common:5.15.3] AndroidManifest.xml:34:9-71
141-->[com.facebook.android:facebook-common:5.15.3] AndroidManifest.xml:34:19-68
142        <!--
143         The initialization ContentProvider will call FacebookSdk.sdkInitialize automatically
144         with the application context. This config is merged in with the host app's manifest,
145         but there can only be one provider with the same authority activated at any given
146         point; so if the end user has two or more different apps that use Facebook SDK, only the
147         first one will be able to use the provider. To work around this problem, we use the
148         following placeholder in the authority to identify each host application as if it was
149         a completely different provider.
150        -->
151        <provider
151-->[com.facebook.android:facebook-core:5.15.3] AndroidManifest.xml:39:9-42:40
152            android:name="com.facebook.internal.FacebookInitProvider"
152-->[com.facebook.android:facebook-core:5.15.3] AndroidManifest.xml:40:13-70
153            android:authorities="com.example.veli.FacebookInitProvider"
153-->[com.facebook.android:facebook-core:5.15.3] AndroidManifest.xml:41:13-72
154            android:exported="false" />
154-->[com.facebook.android:facebook-core:5.15.3] AndroidManifest.xml:42:13-37
155
156        <receiver
156-->[com.facebook.android:facebook-core:5.15.3] AndroidManifest.xml:44:9-50:20
157            android:name="com.facebook.CurrentAccessTokenExpirationBroadcastReceiver"
157-->[com.facebook.android:facebook-core:5.15.3] AndroidManifest.xml:45:13-86
158            android:exported="false" >
158-->[com.facebook.android:facebook-core:5.15.3] AndroidManifest.xml:46:13-37
159            <intent-filter>
159-->[com.facebook.android:facebook-core:5.15.3] AndroidManifest.xml:47:13-49:29
160                <action android:name="com.facebook.sdk.ACTION_CURRENT_ACCESS_TOKEN_CHANGED" />
160-->[com.facebook.android:facebook-core:5.15.3] AndroidManifest.xml:48:17-95
160-->[com.facebook.android:facebook-core:5.15.3] AndroidManifest.xml:48:25-92
161            </intent-filter>
162        </receiver>
163
164        <activity
164-->[com.google.android.gms:play-services-auth:16.0.1] AndroidManifest.xml:23:9-27:75
165            android:name="com.google.android.gms.auth.api.signin.internal.SignInHubActivity"
165-->[com.google.android.gms:play-services-auth:16.0.1] AndroidManifest.xml:24:13-93
166            android:excludeFromRecents="true"
166-->[com.google.android.gms:play-services-auth:16.0.1] AndroidManifest.xml:25:13-46
167            android:exported="false"
167-->[com.google.android.gms:play-services-auth:16.0.1] AndroidManifest.xml:26:13-37
168            android:theme="@android:style/Theme.Translucent.NoTitleBar" />
168-->[com.google.android.gms:play-services-auth:16.0.1] AndroidManifest.xml:27:13-72
169        <!--
170            Service handling Google Sign-In user revocation. For apps that do not integrate with
171            Google Sign-In, this service will never be started.
172        -->
173        <service
173-->[com.google.android.gms:play-services-auth:16.0.1] AndroidManifest.xml:33:9-36:110
174            android:name="com.google.android.gms.auth.api.signin.RevocationBoundService"
174-->[com.google.android.gms:play-services-auth:16.0.1] AndroidManifest.xml:34:13-89
175            android:exported="true"
175-->[com.google.android.gms:play-services-auth:16.0.1] AndroidManifest.xml:35:13-36
176            android:permission="com.google.android.gms.auth.api.signin.permission.REVOCATION_NOTIFICATION" />
176-->[com.google.android.gms:play-services-auth:16.0.1] AndroidManifest.xml:36:13-107
177
178        <activity
178-->[com.google.firebase:firebase-auth:19.2.0] AndroidManifest.xml:24:9-31:50
179            android:name="com.google.firebase.auth.internal.FederatedSignInActivity"
179-->[com.google.firebase:firebase-auth:19.2.0] AndroidManifest.xml:25:13-85
180            android:excludeFromRecents="true"
180-->[com.google.firebase:firebase-auth:19.2.0] AndroidManifest.xml:26:13-46
181            android:exported="true"
181-->[com.google.firebase:firebase-auth:19.2.0] AndroidManifest.xml:27:13-36
182            android:launchMode="singleTask"
182-->[com.google.firebase:firebase-auth:19.2.0] AndroidManifest.xml:28:13-44
183            android:permission="com.google.firebase.auth.api.gms.permission.LAUNCH_FEDERATED_SIGN_IN"
183-->[com.google.firebase:firebase-auth:19.2.0] AndroidManifest.xml:29:13-102
184            android:theme="@android:style/Theme.Translucent.NoTitleBar" />
184-->[com.google.firebase:firebase-auth:19.2.0] AndroidManifest.xml:30:13-72
185
186        <receiver
186-->[com.google.firebase:firebase-iid:20.0.2] AndroidManifest.xml:37:9-44:20
187            android:name="com.google.firebase.iid.FirebaseInstanceIdReceiver"
187-->[com.google.firebase:firebase-iid:20.0.2] AndroidManifest.xml:38:13-78
188            android:exported="true"
188-->[com.google.firebase:firebase-iid:20.0.2] AndroidManifest.xml:39:13-36
189            android:permission="com.google.android.c2dm.permission.SEND" >
189-->[com.google.firebase:firebase-iid:20.0.2] AndroidManifest.xml:40:13-73
190            <intent-filter>
190-->[com.google.firebase:firebase-iid:20.0.2] AndroidManifest.xml:41:13-43:29
191                <action android:name="com.google.android.c2dm.intent.RECEIVE" />
191-->[com.google.firebase:firebase-iid:20.0.2] AndroidManifest.xml:42:17-81
191-->[com.google.firebase:firebase-iid:20.0.2] AndroidManifest.xml:42:25-78
192            </intent-filter>
193        </receiver>
194
195        <provider
195-->[com.google.firebase:firebase-common:19.3.0] AndroidManifest.xml:26:9-30:39
196            android:name="com.google.firebase.provider.FirebaseInitProvider"
196-->[com.google.firebase:firebase-common:19.3.0] AndroidManifest.xml:27:13-77
197            android:authorities="com.example.veli.firebaseinitprovider"
197-->[com.google.firebase:firebase-common:19.3.0] AndroidManifest.xml:28:13-72
198            android:exported="false"
198-->[com.google.firebase:firebase-common:19.3.0] AndroidManifest.xml:29:13-37
199            android:initOrder="100" />
199-->[com.google.firebase:firebase-common:19.3.0] AndroidManifest.xml:30:13-36
200
201        <activity
201-->[com.google.android.gms:play-services-base:17.1.0] AndroidManifest.xml:23:9-26:75
202            android:name="com.google.android.gms.common.api.GoogleApiActivity"
202-->[com.google.android.gms:play-services-base:17.1.0] AndroidManifest.xml:24:13-79
203            android:exported="false"
203-->[com.google.android.gms:play-services-base:17.1.0] AndroidManifest.xml:25:13-37
204            android:theme="@android:style/Theme.Translucent.NoTitleBar" />
204-->[com.google.android.gms:play-services-base:17.1.0] AndroidManifest.xml:26:13-72
205
206        <meta-data
206-->[com.google.android.gms:play-services-basement:17.0.0] AndroidManifest.xml:23:9-25:69
207            android:name="com.google.android.gms.version"
207-->[com.google.android.gms:play-services-basement:17.0.0] AndroidManifest.xml:24:13-58
208            android:value="@integer/google_play_services_version" />
208-->[com.google.android.gms:play-services-basement:17.0.0] AndroidManifest.xml:25:13-66
209    </application>
210
211</manifest>